<?xml version="1.0" encoding="UTF-8"?>
<!-- Generated by org.testng.reporters.JUnitXMLReporter -->
<testsuite ignored="0" hostname="Devika" failures="0" tests="5" name="Default test" time="22.491" errors="0" timestamp="2024-10-01T08:56:28 IST">
  <testcase classname="com.qa.SauceDemo.Tests.ProductTest" name="AproductnameTest" time="0.048"/>
  <testcase classname="com.qa.SauceDemo.Tests.ProductTest" name="Bproductprice" time="0.031"/>
  <testcase classname="com.qa.SauceDemo.Tests.ProductTest" name="addToCartProductPage" time="5.818"/>
  <testcase classname="com.qa.SauceDemo.Tests.ProductTest" name="doCheckoutTest" time="0.799"/>
  <testcase classname="com.qa.SauceDemo.Tests.ProductTest" name="finishtest" time="10.715"/>
</testsuite> <!-- Default test -->
